platforms/tempPlugin/nativescript_background_http/build/outputs/logs/manifest-merger-release-report.txt
-- Merging decision tree log ---
manifest
ADDED from src\main\AndroidManifest.xml:2:1-13:12
INJECTED from src\main\AndroidManifest.xml:2:1-13:12
INJECTED from src\main\AndroidManifest.xml:2:1-13:12
INJECTED from src\main\AndroidManifest.xml:2:1-13:12
INJECTED from src\main\AndroidManifest.xml:2:1-13:12
INJECTED from src\main\AndroidManifest.xml:2:1-13:12
INJECTED from src\main\AndroidManifest.xml:2:1-13:12
	package
		ADDED from src\main\AndroidManifest.xml:2:70-125
		INJECTED from src\main\AndroidManifest.xml
		INJECTED from src\main\AndroidManifest.xml
	android:versionName
		INJECTED from src\main\AndroidManifest.xml
		ADDED from src\main\AndroidManifest.xml:2:1-13:12
		INJECTED from src\main\AndroidManifest.xml
	android:versionCode
		INJECTED from src\main\AndroidManifest.xml
		ADDED from src\main\AndroidManifest.xml:2:1-13:12
		INJECTED from src\main\AndroidManifest.xml
	xmlns:android
		ADDED from src\main\AndroidManifest.xml:2:11-69
uses-permission#android.permission.INTERNET
ADDED from src\main\AndroidManifest.xml:3:3-64
	android:name
		ADDED from src\main\AndroidManifest.xml:3:20-62
uses-permission#android.permission.READ_EXTERNAL_STORAGE
ADDED from src\main\AndroidManifest.xml:4:3-77
	android:name
		ADDED from src\main\AndroidManifest.xml:4:20-75
uses-permission#android.permission.WAKE_LOCK
ADDED from src\main\AndroidManifest.xml:5:3-65
	android:name
		ADDED from src\main\AndroidManifest.xml:5:20-63
application
ADDED from src\main\AndroidManifest.xml:6:3-12:17
service#com.alexbbb.uploadservice.UploadService
ADDED from src\main\AndroidManifest.xml:7:5-11:15
	android:enabled
		ADDED from src\main\AndroidManifest.xml:7:69-91
	android:exported
		ADDED from src\main\AndroidManifest.xml:7:92-116
	android:name
		ADDED from src\main\AndroidManifest.xml:7:14-68
intent-filter#action:name:org.nativescript.imagepicker.uploadservice.action.upload
ADDED from src\main\AndroidManifest.xml:8:7-10:23
action#org.nativescript.imagepicker.uploadservice.action.upload
ADDED from src\main\AndroidManifest.xml:9:9-90
	android:name
		ADDED from src\main\AndroidManifest.xml:9:17-88
uses-sdk
INJECTED from src\main\AndroidManifest.xml reason: use-sdk injection requested
INJECTED from src\main\AndroidManifest.xml
INJECTED from src\main\AndroidManifest.xml
	android:targetSdkVersion
		INJECTED from src\main\AndroidManifest.xml
		ADDED from src\main\AndroidManifest.xml
		INJECTED from src\main\AndroidManifest.xml